This is pdfTeX, Version 3.14159265-2.6-1.40.16 (MiKTeX 2.9 64-bit) (preloaded format=pdflatex 2016.1.21)  22 NOV 2016 20:18
entering extended mode
**report_task3.tex
(report_task3.tex
LaTeX2e <2015/01/01> patch level 2
Babel <3.9m> and hyphenation patterns for 69 languages loaded.
("C:\Program Files\MiKTeX 2.9\tex\latex\base\report.cls"
Document Class: report 2014/09/29 v1.4h Standard LaTeX document class
("C:\Program Files\MiKTeX 2.9\tex\latex\base\size10.clo"
File: size10.clo 2014/09/29 v1.4h Standard LaTeX file (size option)
)
\c@part=\count79
\c@chapter=\count80
\c@section=\count81
\c@subsection=\count82
\c@subsubsection=\count83
\c@paragraph=\count84
\c@subparagraph=\count85
\c@figure=\count86
\c@table=\count87
\abovecaptionskip=\skip41
\belowcaptionskip=\skip42
\bibindent=\dimen102
)
("C:\Program Files\MiKTeX 2.9\tex\latex\graphics\graphicx.sty"
Package: graphicx 2014/10/28 v1.0g Enhanced LaTeX Graphics (DPC,SPQR)

("C:\Program Files\MiKTeX 2.9\tex\latex\graphics\keyval.sty"
Package: keyval 2014/10/28 v1.15 key=value parser (DPC)
\KV@toks@=\toks14
)
("C:\Program Files\MiKTeX 2.9\tex\latex\graphics\graphics.sty"
Package: graphics 2014/10/28 v1.0p Standard LaTeX Graphics (DPC,SPQR)

("C:\Program Files\MiKTeX 2.9\tex\latex\graphics\trig.sty"
Package: trig 1999/03/16 v1.09 sin cos tan (DPC)
)
("C:\Program Files\MiKTeX 2.9\tex\latex\00miktex\graphics.cfg"
File: graphics.cfg 2007/01/18 v1.5 graphics configuration of teTeX/TeXLive
)
Package graphics Info: Driver file: pdftex.def on input line 94.

("C:\Program Files\MiKTeX 2.9\tex\latex\pdftex-def\pdftex.def"
File: pdftex.def 2011/05/27 v0.06d Graphics/color for pdfTeX

("C:\Program Files\MiKTeX 2.9\tex\generic\oberdiek\infwarerr.sty"
Package: infwarerr 2010/04/08 v1.3 Providing info/warning/error messages (HO)
)
("C:\Program Files\MiKTeX 2.9\tex\generic\oberdiek\ltxcmds.sty"
Package: ltxcmds 2011/11/09 v1.22 LaTeX kernel commands for general use (HO)
)
\Gread@gobject=\count88
))
\Gin@req@height=\dimen103
\Gin@req@width=\dimen104
)
("C:\Program Files\MiKTeX 2.9\tex\latex\oberdiek\epstopdf.sty"
Package: epstopdf 2010/02/09 v2.5 Conversion with epstopdf on the fly (HO)

("C:\Program Files\MiKTeX 2.9\tex\latex\oberdiek\epstopdf-base.sty"
Package: epstopdf-base 2010/02/09 v2.5 Base part for package epstopdf

("C:\Program Files\MiKTeX 2.9\tex\latex\oberdiek\grfext.sty"
Package: grfext 2010/08/19 v1.1 Manage graphics extensions (HO)

("C:\Program Files\MiKTeX 2.9\tex\generic\oberdiek\kvdefinekeys.sty"
Package: kvdefinekeys 2011/04/07 v1.3 Define keys (HO)
))
("C:\Program Files\MiKTeX 2.9\tex\latex\oberdiek\kvoptions.sty"
Package: kvoptions 2011/06/30 v3.11 Key value format for package options (HO)

("C:\Program Files\MiKTeX 2.9\tex\generic\oberdiek\kvsetkeys.sty"
Package: kvsetkeys 2012/04/25 v1.16 Key value parser (HO)

("C:\Program Files\MiKTeX 2.9\tex\generic\oberdiek\etexcmds.sty"
Package: etexcmds 2011/02/16 v1.5 Avoid name clashes with e-TeX commands (HO)

("C:\Program Files\MiKTeX 2.9\tex\generic\oberdiek\ifluatex.sty"
Package: ifluatex 2010/03/01 v1.3 Provides the ifluatex switch (HO)
Package ifluatex Info: LuaTeX not detected.
)
Package etexcmds Info: Could not find \expanded.
(etexcmds)             That can mean that you are not using pdfTeX 1.50 or
(etexcmds)             that some package has redefined \expanded.
(etexcmds)             In the latter case, load this package earlier.
)))
("C:\Program Files\MiKTeX 2.9\tex\generic\oberdiek\pdftexcmds.sty"
Package: pdftexcmds 2011/11/29 v0.20 Utility functions of pdfTeX for LuaTeX (HO
)

("C:\Program Files\MiKTeX 2.9\tex\generic\oberdiek\ifpdf.sty"
Package: ifpdf 2011/01/30 v2.3 Provides the ifpdf switch (HO)
Package ifpdf Info: pdfTeX in PDF mode is detected.
)
Package pdftexcmds Info: LuaTeX not detected.
Package pdftexcmds Info: \pdf@primitive is available.
Package pdftexcmds Info: \pdf@ifprimitive is available.
Package pdftexcmds Info: \pdfdraftmode found.
)
Package grfext Info: Graphics extension search list:
(grfext)             [.png,.pdf,.jpg,.mps,.jpeg,.jbig2,.jb2,.PNG,.PDF,.JPG,.JPE
G,.JBIG2,.JB2,.eps]
(grfext)             \AppendGraphicsExtensions on input line 452.
))
("C:\Program Files\MiKTeX 2.9\tex\latex\caption\caption.sty"
Package: caption 2015/09/17 v3.3-111 Customizing captions (AR)

("C:\Program Files\MiKTeX 2.9\tex\latex\caption\caption3.sty"
Package: caption3 2015/09/20 v1.7-115 caption3 kernel (AR)
Package caption3 Info: TeX engine: e-TeX on input line 57.
\captionmargin=\dimen105
\captionmargin@=\dimen106
\captionwidth=\dimen107
\caption@tempdima=\dimen108
\caption@indent=\dimen109
\caption@parindent=\dimen110
\caption@hangindent=\dimen111
)
\c@ContinuedFloat=\count89
)
("C:\Program Files\MiKTeX 2.9\tex\latex\subfig\subfig.sty"
Package: subfig 2005/06/28 ver: 1.3 subfig package
\c@KVtest=\count90
\sf@farskip=\skip43
\sf@captopadj=\dimen112
\sf@capskip=\skip44
\sf@nearskip=\skip45
\c@subfigure=\count91
\c@subfigure@save=\count92
\c@lofdepth=\count93
\c@subtable=\count94
\c@subtable@save=\count95
\c@lotdepth=\count96
\sf@top=\skip46
\sf@bottom=\skip47
) (report_task3.aux)
LaTeX Font Info:    Checking defaults for OML/cmm/m/it on input line 13.
LaTeX Font Info:    ... okay on input line 13.
LaTeX Font Info:    Checking defaults for T1/cmr/m/n on input line 13.
LaTeX Font Info:    ... okay on input line 13.
LaTeX Font Info:    Checking defaults for OT1/cmr/m/n on input line 13.
LaTeX Font Info:    ... okay on input line 13.
LaTeX Font Info:    Checking defaults for OMS/cmsy/m/n on input line 13.
LaTeX Font Info:    ... okay on input line 13.
LaTeX Font Info:    Checking defaults for OMX/cmex/m/n on input line 13.
LaTeX Font Info:    ... okay on input line 13.
LaTeX Font Info:    Checking defaults for U/cmr/m/n on input line 13.
LaTeX Font Info:    ... okay on input line 13.

("C:\Program Files\MiKTeX 2.9\tex\context\base\supp-pdf.mkii"
[Loading MPS to PDF converter (version 2006.09.02).]
\scratchcounter=\count97
\scratchdimen=\dimen113
\scratchbox=\box26
\nofMPsegments=\count98
\nofMParguments=\count99
\everyMPshowfont=\toks15
\MPscratchCnt=\count100
\MPscratchDim=\dimen114
\MPnumerator=\count101
\makeMPintoPDFobject=\count102
\everyMPtoPDFconversion=\toks16
)
Package caption Info: Begin \AtBeginDocument code.
Package caption Info: subfig package v1.3 is loaded.
Package caption Info: End \AtBeginDocument code.
LaTeX Font Info:    External font `cmex10' loaded for size
(Font)              <12> on input line 14.
LaTeX Font Info:    External font `cmex10' loaded for size
(Font)              <8> on input line 14.
LaTeX Font Info:    External font `cmex10' loaded for size
(Font)              <6> on input line 14.
 [1

{C:/Users/Andew/AppData/Local/MiKTeX/2.9/pdftex/config/pdftex.map}]
LaTeX Font Info:    External font `cmex10' loaded for size
(Font)              <7> on input line 16.
LaTeX Font Info:    External font `cmex10' loaded for size
(Font)              <5> on input line 16.

Overfull \hbox (57.86697pt too wide) in paragraph at lines 15--17
[]\OT1/cmr/m/n/10 The com-pu-ta-tions in Ex-er-cise 1 and Ex-er-cise 2 have don
e in \OT1/cmtt/m/n/10 main[]Calculation[]Ex1[]Ex2.m
 []

Package epstopdf Info: Source file: <./images/exp1_1.eps>
(epstopdf)                    date: 2016-11-22 19:55:25
(epstopdf)                    size: 166283 bytes
(epstopdf)             Output file: <./images/exp1_1-eps-converted-to.pdf>
(epstopdf)                    date: 2016-11-22 20:00:20
(epstopdf)                    size: 34563 bytes
(epstopdf)             Command: <epstopdf --outfile=./images/exp1_1-eps-convert
ed-to.pdf ./images/exp1_1.eps>
(epstopdf)             \includegraphics on input line 22.
Package epstopdf Info: Output file is already uptodate.
<./images/exp1_1-eps-converted-to.pdf, id=7, 492.84125pt x 393.47pt>
File: ./images/exp1_1-eps-converted-to.pdf Graphic file (type pdf)

<use ./images/exp1_1-eps-converted-to.pdf>
Package pdftex.def Info: ./images/exp1_1-eps-converted-to.pdf used on input lin
e 22.
(pdftex.def)             Requested size: 310.4979pt x 247.90541pt.
Package epstopdf Info: Source file: <./images/exp1_1.eps>
(epstopdf)                    date: 2016-11-22 19:55:25
(epstopdf)                    size: 166283 bytes
(epstopdf)             Output file: <./images/exp1_1-eps-converted-to.pdf>
(epstopdf)                    date: 2016-11-22 20:00:20
(epstopdf)                    size: 34563 bytes
(epstopdf)             Command: <epstopdf --outfile=./images/exp1_1-eps-convert
ed-to.pdf ./images/exp1_1.eps>
(epstopdf)             \includegraphics on input line 30.
Package epstopdf Info: Output file is already uptodate.
File: ./images/exp1_1-eps-converted-to.pdf Graphic file (type pdf)

<use ./images/exp1_1-eps-converted-to.pdf>
Package pdftex.def Info: ./images/exp1_1-eps-converted-to.pdf used on input lin
e 30.
(pdftex.def)             Requested size: 241.49895pt x 192.80798pt.
Package epstopdf Info: Source file: <./images/exp1_2.eps>
(epstopdf)                    date: 2016-11-22 19:55:27
(epstopdf)                    size: 166743 bytes
(epstopdf)             Output file: <./images/exp1_2-eps-converted-to.pdf>
(epstopdf)                    date: 2016-11-22 20:00:21
(epstopdf)                    size: 33780 bytes
(epstopdf)             Command: <epstopdf --outfile=./images/exp1_2-eps-convert
ed-to.pdf ./images/exp1_2.eps>
(epstopdf)             \includegraphics on input line 32.
Package epstopdf Info: Output file is already uptodate.

<./images/exp1_2-eps-converted-to.pdf, id=8, 492.84125pt x 393.47pt>
File: ./images/exp1_2-eps-converted-to.pdf Graphic file (type pdf)

<use ./images/exp1_2-eps-converted-to.pdf>
Package pdftex.def Info: ./images/exp1_2-eps-converted-to.pdf used on input lin
e 32.
(pdftex.def)             Requested size: 241.49895pt x 192.80798pt.
Package epstopdf Info: Source file: <./images/exp1_3.eps>
(epstopdf)                    date: 2016-11-22 19:55:29
(epstopdf)                    size: 163720 bytes
(epstopdf)             Output file: <./images/exp1_3-eps-converted-to.pdf>
(epstopdf)                    date: 2016-11-22 20:00:22
(epstopdf)                    size: 29397 bytes
(epstopdf)             Command: <epstopdf --outfile=./images/exp1_3-eps-convert
ed-to.pdf ./images/exp1_3.eps>
(epstopdf)             \includegraphics on input line 34.
Package epstopdf Info: Output file is already uptodate.

<./images/exp1_3-eps-converted-to.pdf, id=9, 492.84125pt x 393.47pt>
File: ./images/exp1_3-eps-converted-to.pdf Graphic file (type pdf)

<use ./images/exp1_3-eps-converted-to.pdf>
Package pdftex.def Info: ./images/exp1_3-eps-converted-to.pdf used on input lin
e 34.
(pdftex.def)             Requested size: 241.49895pt x 192.80798pt.


LaTeX Warning: Float too large for page by 112.9239pt on input line 36.


LaTeX Warning: `!h' float specifier changed to `!ht'.

Package epstopdf Info: Source file: <./images/exp2_V_1.eps>
(epstopdf)                    date: 2016-11-22 19:59:58
(epstopdf)                    size: 18269 bytes
(epstopdf)             Output file: <./images/exp2_V_1-eps-converted-to.pdf>
(epstopdf)                    date: 2016-11-22 20:00:23
(epstopdf)                    size: 3869 bytes
(epstopdf)             Command: <epstopdf --outfile=./images/exp2_V_1-eps-conve
rted-to.pdf ./images/exp2_V_1.eps>
(epstopdf)             \includegraphics on input line 42.
Package epstopdf Info: Output file is already uptodate.
<./images/exp2_V_1-eps-converted-to.pdf, id=10, 481.8pt x 393.47pt>
File: ./images/exp2_V_1-eps-converted-to.pdf Graphic file (type pdf)

<use ./images/exp2_V_1-eps-converted-to.pdf>
Package pdftex.def Info: ./images/exp2_V_1-eps-converted-to.pdf used on input l
ine 42.
(pdftex.def)             Requested size: 241.49895pt x 197.22081pt.
Package epstopdf Info: Source file: <./images/exp2_V_2.eps>
(epstopdf)                    date: 2016-11-22 19:59:58
(epstopdf)                    size: 18321 bytes
(epstopdf)             Output file: <./images/exp2_V_2-eps-converted-to.pdf>
(epstopdf)                    date: 2016-11-22 20:00:24
(epstopdf)                    size: 3880 bytes
(epstopdf)             Command: <epstopdf --outfile=./images/exp2_V_2-eps-conve
rted-to.pdf ./images/exp2_V_2.eps>
(epstopdf)             \includegraphics on input line 44.
Package epstopdf Info: Output file is already uptodate.

<./images/exp2_V_2-eps-converted-to.pdf, id=11, 486.81876pt x 393.47pt>
File: ./images/exp2_V_2-eps-converted-to.pdf Graphic file (type pdf)

<use ./images/exp2_V_2-eps-converted-to.pdf>
Package pdftex.def Info: ./images/exp2_V_2-eps-converted-to.pdf used on input l
ine 44.
(pdftex.def)             Requested size: 241.49895pt x 195.19151pt.


LaTeX Warning: `!h' float specifier changed to `!ht'.

Package epstopdf Info: Source file: <./images/exp3_3_V_2_2.eps>
(epstopdf)                    date: 2016-11-22 16:49:07
(epstopdf)                    size: 201974 bytes
(epstopdf)             Output file: <./images/exp3_3_V_2_2-eps-converted-to.pdf
>
(epstopdf)                    date: 2016-11-22 16:50:45
(epstopdf)                    size: 44309 bytes
(epstopdf)             Command: <epstopdf --outfile=./images/exp3_3_V_2_2-eps-c
onverted-to.pdf ./images/exp3_3_V_2_2.eps>
(epstopdf)             \includegraphics on input line 54.
Package epstopdf Info: Output file is already uptodate.

<./images/exp3_3_V_2_2-eps-converted-to.pdf, id=12, 498.86375pt x 402.50375pt>
File: ./images/exp3_3_V_2_2-eps-converted-to.pdf Graphic file (type pdf)

<use ./images/exp3_3_V_2_2-eps-converted-to.pdf>
Package pdftex.def Info: ./images/exp3_3_V_2_2-eps-converted-to.pdf used on inp
ut line 54.
(pdftex.def)             Requested size: 241.49895pt x 194.85172pt.
 [1 <./images/exp1_1-eps-converted-to.pdf>]

LaTeX Warning: `!h' float specifier changed to `!ht'.

[2] [3 <./images/exp1_2-eps-converted-to.pdf> <./images/exp1_3-eps-converted-to
.pdf>] [4 <./images/exp2_V_1-eps-converted-to.pdf> <./images/exp2_V_2-eps-conve
rted-to.pdf>] [5 <./images/exp3_3_V_2_2-eps-converted-to.pdf>]
(report_task3.aux) ) 
Here is how much of TeX's memory you used:
 2737 strings out of 493673
 43807 string characters out of 3143960
 107167 words of memory out of 3000000
 6079 multiletter control sequences out of 15000+200000
 6843 words of font info for 25 fonts, out of 3000000 for 9000
 1025 hyphenation exceptions out of 8191
 42i,11n,47p,420b,358s stack positions out of 5000i,500n,10000p,200000b,50000s
<C:/Program Files/MiKTeX 2.9/fonts/type1/public/amsfonts/cm
/cmmi10.pfb><C:/Program Files/MiKTeX 2.9/fonts/type1/public/amsfonts/cm/cmmi6.p
fb><C:/Program Files/MiKTeX 2.9/fonts/type1/public/amsfonts/cm/cmmi7.pfb><C:/Pr
ogram Files/MiKTeX 2.9/fonts/type1/public/amsfonts/cm/cmmi8.pfb><C:/Program Fil
es/MiKTeX 2.9/fonts/type1/public/amsfonts/cm/cmr10.pfb><C:/Program Files/MiKTeX
 2.9/fonts/type1/public/amsfonts/cm/cmr12.pfb><C:/Program Files/MiKTeX 2.9/font
s/type1/public/amsfonts/cm/cmr17.pfb><C:/Program Files/MiKTeX 2.9/fonts/type1/p
ublic/amsfonts/cm/cmr6.pfb><C:/Program Files/MiKTeX 2.9/fonts/type1/public/amsf
onts/cm/cmr7.pfb><C:/Program Files/MiKTeX 2.9/fonts/type1/public/amsfonts/cm/cm
r8.pfb><C:/Program Files/MiKTeX 2.9/fonts/type1/public/amsfonts/cm/cmsy10.pfb><
C:/Program Files/MiKTeX 2.9/fonts/type1/public/amsfonts/cm/cmsy6.pfb><C:/Progra
m Files/MiKTeX 2.9/fonts/type1/public/amsfonts/cm/cmsy7.pfb><C:/Program Files/M
iKTeX 2.9/fonts/type1/public/amsfonts/cm/cmtt10.pfb>
Output written on report_task3.pdf (6 pages, 286519 bytes).
PDF statistics:
 105 PDF objects out of 1000 (max. 8388607)
 0 named destinations out of 1000 (max. 500000)
 31 words of extra memory for PDF output out of 10000 (max. 10000000)

